Build started 20-5-2015 17:03:25.
     1>Project "C:\Users\s136577\Source\Repos\venus-exploration\Source\Venus.vcxproj" on node 2 (Build target(s)).
     1>C:\Program Files (x86)\MSBuild\Microsoft.Cpp\v4.0\V120\Microsoft.CppBuild.targets(942,5): warning MSB8027: Two or more files with the name of softwaredrivers.cpp will produce outputs to the same location. This can lead to an incorrect build result.  The files involved are softwaredrivers.cpp, VenusExplorationPhilip\softwaredrivers.cpp.
     1>ClCompile:
         C:\Program Files (x86)\Microsoft Visual Studio 12.0\VC\bin\CL.exe /c /I"C:\Program Files (x86)\Arduino\hardware\arduino\avr\cores\arduino" /I"C:\Program Files (x86)\Arduino\hardware\arduino\avr\variants\standard" /I"C:\Users\s136577\Source\Repos\venus-exploration\Source" /I"C:\Program Files (x86)\Arduino\libraries\Servo\src" /I"C:\Program Files (x86)\Arduino\libraries\Servo\src\utility" /I"C:\Program Files (x86)\Arduino\libraries" /I"C:\Program Files (x86)\Arduino\hardware\arduino\avr\libraries" /I"C:\Program Files (x86)\Visual Micro\Visual Micro for Arduino\Micro Platforms\default\debuggers" /IC:\Users\s136577\Documents\Arduino\libraries /I"C:\Program Files (x86)\Arduino\hardware\tools\avr/avr/include/" /I"C:\Program Files (x86)\Arduino\hardware\tools\avr//avr/include/avr/" /I"C:\Program Files (x86)\Arduino\hardware\tools\avr/lib\gcc\avr\4.8.1\include" /ZI /nologo /W3 /WX- /sdl /Od /Oy- /D __AVR_ATmega328p__ /D __AVR_ATmega328P__ /D ARDUINO=163 /D ARDUINO_MAIN /D __AVR__ /D __avr__ /D F_CPU=16000000L /D __cplusplus /D ARDUINO_ARCH_AVR /D ARDUINO_AVR_UNO /D _MBCS /X /Gm /EHsc /RTC1 /MDd /GS /fp:precise /Zc:wchar_t /Zc:forScope /Fo"Debug\\" /Fd"Debug\vc120.pdb" /Gd /TP /FI"C:\Users\s136577\Source\Repos\venus-exploration\Source\Visual Micro\.Source.vsarduino.h" /analyze- /errorReport:prompt softwaredrivers.cpp VenusExplorationPhilip\softwaredrivers.cpp
         softwaredrivers.cpp
     1>c1xx : warning C4117: macro name '__cplusplus' is reserved, '#define' ignored
     1>c:\users\s136577\source\repos\venus-exploration\source\visual micro\.source.vsarduino.h(13): warning C4005: '__AVR_ATmega328p__' : macro redefinition
                 command-line arguments :  see previous definition of '__AVR_ATmega328p__'
     1>c:\users\s136577\source\repos\venus-exploration\source\visual micro\.source.vsarduino.h(14): warning C4005: '__AVR_ATmega328P__' : macro redefinition
                 command-line arguments :  see previous definition of '__AVR_ATmega328P__'
     1>c:\users\s136577\source\repos\venus-exploration\source\visual micro\.source.vsarduino.h(16): warning C4005: 'ARDUINO_MAIN' : macro redefinition
                 command-line arguments :  see previous definition of 'ARDUINO_MAIN'
     1>c:\users\s136577\source\repos\venus-exploration\source\visual micro\.source.vsarduino.h(17): warning C4005: '__AVR__' : macro redefinition
                 command-line arguments :  see previous definition of '__AVR__'
     1>c:\users\s136577\source\repos\venus-exploration\source\visual micro\.source.vsarduino.h(18): warning C4005: '__avr__' : macro redefinition
                 command-line arguments :  see previous definition of '__avr__'
     1>c:\users\s136577\source\repos\venus-exploration\source\visual micro\.source.vsarduino.h(20): warning C4117: macro name '__cplusplus' is reserved, '#define' ignored
     1>c:\users\s136577\source\repos\venus-exploration\source\visual micro\.source.vsarduino.h(21): warning C4005: 'ARDUINO_ARCH_AVR' : macro redefinition
                 command-line arguments :  see previous definition of 'ARDUINO_ARCH_AVR'
     1>c:\users\s136577\source\repos\venus-exploration\source\visual micro\.source.vsarduino.h(22): warning C4005: 'ARDUINO_AVR_UNO' : macro redefinition
                 command-line arguments :  see previous definition of 'ARDUINO_AVR_UNO'
     1>c:\program files (x86)\arduino\hardware\tools\avr\lib\gcc\avr\4.8.1\include\stddef.h(212): error C2371: 'size_t' : redefinition; different basic types
                 c:\users\s136577\source\repos\venus-exploration\source\predefined c++ types (compiler internal)(19) : see declaration of 'size_t'
     1>c:\program files (x86)\arduino\hardware\tools\avr\avr\include\math.h(364): warning C4002: too many actual parameters for macro '__asm__'
     1>c:\program files (x86)\arduino\hardware\tools\avr\avr\include\avr\pgmspace.h(1187): error C2446: ':' : no conversion from 'size_t' to 'const char *'
                 Conversion from integral type to pointer type requires reinterpret_cast, C-style cast or function-style cast
     1>c:\program files (x86)\arduino\hardware\arduino\avr\cores\arduino\arduino.h(118): error C2371: 'byte' : redefinition; different basic types
                 c:\users\s136577\source\repos\venus-exploration\source\visual micro\.source.vsarduino.h(66) : see declaration of 'byte'
     1>c:\program files (x86)\arduino\hardware\arduino\avr\cores\arduino\hardwareserial.h(122): error C2535: 'size_t HardwareSerial::write(uint8_t)' : member function already defined or declared
                 c:\program files (x86)\arduino\hardware\arduino\avr\cores\arduino\hardwareserial.h(119) : see declaration of 'HardwareSerial::write'
     1>c:\program files (x86)\arduino\hardware\tools\avr\avr\include\avr\eeprom.h(684): error C4980: '__value' : use of this keyword requires /clr:oldSyntax command line option
     1>c:\program files (x86)\arduino\hardware\tools\avr\avr\include\avr\eeprom.h(684): error C2059: syntax error : '__value'
     1>c:\program files (x86)\arduino\hardware\tools\avr\avr\include\avr\eeprom.h(689): error C2059: syntax error : '__value'
     1>c:\program files (x86)\arduino\hardware\tools\avr\avr\include\avr\eeprom.h(694): error C2059: syntax error : '__value'
     1>c:\program files (x86)\arduino\hardware\tools\avr\avr\include\avr\eeprom.h(699): error C2059: syntax error : '__value'
     1>c:\program files (x86)\arduino\hardware\tools\avr\avr\include\avr\eeprom.h(711): error C2059: syntax error : '__value'
     1>c:\program files (x86)\arduino\hardware\tools\avr\avr\include\avr\eeprom.h(716): error C2059: syntax error : '__value'
     1>c:\program files (x86)\arduino\hardware\tools\avr\avr\include\avr\eeprom.h(721): error C2059: syntax error : '__value'
     1>c:\program files (x86)\arduino\hardware\tools\avr\avr\include\avr\eeprom.h(726): error C2059: syntax error : '__value'
     1>c:\program files (x86)\arduino\hardware\tools\avr\avr\include\util\delay_basic.h(88): error C2065: '__asm__' : undeclared identifier
     1>c:\program files (x86)\arduino\hardware\tools\avr\avr\include\util\delay_basic.h(110): error C2065: '__asm__' : undeclared identifier
     1>c:\program files (x86)\arduino\hardware\tools\avr\avr\include\util\delay.h(95): fatal error C1021: invalid preprocessor command 'warning'
         softwaredrivers.cpp
     1>c1xx : warning C4117: macro name '__cplusplus' is reserved, '#define' ignored
     1>c:\users\s136577\source\repos\venus-exploration\source\visual micro\.source.vsarduino.h(13): warning C4005: '__AVR_ATmega328p__' : macro redefinition
                 command-line arguments :  see previous definition of '__AVR_ATmega328p__'
     1>c:\users\s136577\source\repos\venus-exploration\source\visual micro\.source.vsarduino.h(14): warning C4005: '__AVR_ATmega328P__' : macro redefinition
                 command-line arguments :  see previous definition of '__AVR_ATmega328P__'
     1>c:\users\s136577\source\repos\venus-exploration\source\visual micro\.source.vsarduino.h(16): warning C4005: 'ARDUINO_MAIN' : macro redefinition
                 command-line arguments :  see previous definition of 'ARDUINO_MAIN'
     1>c:\users\s136577\source\repos\venus-exploration\source\visual micro\.source.vsarduino.h(17): warning C4005: '__AVR__' : macro redefinition
                 command-line arguments :  see previous definition of '__AVR__'
     1>c:\users\s136577\source\repos\venus-exploration\source\visual micro\.source.vsarduino.h(18): warning C4005: '__avr__' : macro redefinition
                 command-line arguments :  see previous definition of '__avr__'
     1>c:\users\s136577\source\repos\venus-exploration\source\visual micro\.source.vsarduino.h(20): warning C4117: macro name '__cplusplus' is reserved, '#define' ignored
     1>c:\users\s136577\source\repos\venus-exploration\source\visual micro\.source.vsarduino.h(21): warning C4005: 'ARDUINO_ARCH_AVR' : macro redefinition
                 command-line arguments :  see previous definition of 'ARDUINO_ARCH_AVR'
     1>c:\users\s136577\source\repos\venus-exploration\source\visual micro\.source.vsarduino.h(22): warning C4005: 'ARDUINO_AVR_UNO' : macro redefinition
                 command-line arguments :  see previous definition of 'ARDUINO_AVR_UNO'
     1>c:\program files (x86)\arduino\hardware\tools\avr\lib\gcc\avr\4.8.1\include\stddef.h(212): error C2371: 'size_t' : redefinition; different basic types
                 c:\users\s136577\source\repos\venus-exploration\source\predefined c++ types (compiler internal)(19) : see declaration of 'size_t'
     1>c:\program files (x86)\arduino\hardware\tools\avr\avr\include\math.h(364): warning C4002: too many actual parameters for macro '__asm__'
     1>c:\program files (x86)\arduino\hardware\tools\avr\avr\include\avr\pgmspace.h(1187): error C2446: ':' : no conversion from 'size_t' to 'const char *'
                 Conversion from integral type to pointer type requires reinterpret_cast, C-style cast or function-style cast
     1>c:\program files (x86)\arduino\hardware\arduino\avr\cores\arduino\arduino.h(118): error C2371: 'byte' : redefinition; different basic types
                 c:\users\s136577\source\repos\venus-exploration\source\visual micro\.source.vsarduino.h(66) : see declaration of 'byte'
     1>c:\program files (x86)\arduino\hardware\arduino\avr\cores\arduino\hardwareserial.h(122): error C2535: 'size_t HardwareSerial::write(uint8_t)' : member function already defined or declared
                 c:\program files (x86)\arduino\hardware\arduino\avr\cores\arduino\hardwareserial.h(119) : see declaration of 'HardwareSerial::write'
     1>c:\program files (x86)\arduino\hardware\tools\avr\avr\include\avr\eeprom.h(684): error C4980: '__value' : use of this keyword requires /clr:oldSyntax command line option
     1>c:\program files (x86)\arduino\hardware\tools\avr\avr\include\avr\eeprom.h(684): error C2059: syntax error : '__value'
     1>c:\program files (x86)\arduino\hardware\tools\avr\avr\include\avr\eeprom.h(689): error C2059: syntax error : '__value'
     1>c:\program files (x86)\arduino\hardware\tools\avr\avr\include\avr\eeprom.h(694): error C2059: syntax error : '__value'
     1>c:\program files (x86)\arduino\hardware\tools\avr\avr\include\avr\eeprom.h(699): error C2059: syntax error : '__value'
     1>c:\program files (x86)\arduino\hardware\tools\avr\avr\include\avr\eeprom.h(711): error C2059: syntax error : '__value'
     1>c:\program files (x86)\arduino\hardware\tools\avr\avr\include\avr\eeprom.h(716): error C2059: syntax error : '__value'
     1>c:\program files (x86)\arduino\hardware\tools\avr\avr\include\avr\eeprom.h(721): error C2059: syntax error : '__value'
     1>c:\program files (x86)\arduino\hardware\tools\avr\avr\include\avr\eeprom.h(726): error C2059: syntax error : '__value'
     1>c:\program files (x86)\arduino\hardware\tools\avr\avr\include\util\delay_basic.h(88): error C2065: '__asm__' : undeclared identifier
     1>c:\program files (x86)\arduino\hardware\tools\avr\avr\include\util\delay_basic.h(110): error C2065: '__asm__' : undeclared identifier
     1>c:\program files (x86)\arduino\hardware\tools\avr\avr\include\util\delay.h(95): fatal error C1021: invalid preprocessor command 'warning'
         Generating Code...
     1>Done Building Project "C:\Users\s136577\Source\Repos\venus-exploration\Source\Venus.vcxproj" (Build target(s)) -- FAILED.

Build FAILED.

Time Elapsed 00:00:01.15
